# JRE version: Java(TM) SE Runtime Environment 18.9 (11.0.13+10) (build 11.0.13+10-LTS-370)
# Java VM: Java HotSpot(TM) 64-Bit Server VM 18.9 (11.0.13+10-LTS-370, mixed mode, tiered, compressed oops, g1 gc, windows-amd64)
Heap:
 garbage-first heap   total 169984K, used 8758K [0x0000000080000000, 0x0000000100000000)
  region size 1024K, 3 young (3072K), 3 survivors (3072K)
 Metaspace       used 19994K, capacity 20495K, committed 20608K, reserved 1075200K
  class space    used 2332K, capacity 2575K, committed 2688K, reserved 1048576K
GC Heap History (10 events):
Event: 0.431 GC heap before
{Heap before GC invocations=1 (full 0):
 garbage-first heap   total 131072K, used 9001K [0x0000000080000000, 0x0000000100000000)
  region size 1024K, 6 young (6144K), 1 survivors (1024K)
 Metaspace       used 8153K, capacity 8259K, committed 8576K, reserved 1056768K
  class space    used 741K, capacity 795K, committed 896K, reserved 1048576K
}
Event: 0.435 GC heap after
{Heap after GC invocations=2 (full 0):
 garbage-first heap   total 131072K, used 5885K [0x0000000080000000, 0x0000000100000000)
  region size 1024K, 1 young (1024K), 1 survivors (1024K)
 Metaspace       used 8153K, capacity 8259K, committed 8576K, reserved 1056768K
  class space    used 741K, capacity 795K, committed 896K, reserved 1048576K
}
Event: 0.623 GC heap before
{Heap before GC invocations=2 (full 0):
 garbage-first heap   total 131072K, used 17149K [0x0000000080000000, 0x0000000100000000)
  region size 1024K, 12 young (12288K), 1 survivors (1024K)
 Metaspace       used 10532K, capacity 10780K, committed 11008K, reserved 1058816K
  class space    used 1078K, capacity 1178K, committed 1280K, reserved 1048576K
}
Event: 0.628 GC heap after
{Heap after GC invocations=3 (full 0):
 garbage-first heap   total 131072K, used 6500K [0x0000000080000000, 0x0000000100000000)
  region size 1024K, 2 young (2048K), 2 survivors (2048K)
 Metaspace       used 10532K, capacity 10780K, committed 11008K, reserved 1058816K
  class space    used 1078K, capacity 1178K, committed 1280K, reserved 1048576K
}
Event: 0.837 GC heap before
{Heap before GC invocations=3 (full 0):
 garbage-first heap   total 131072K, used 22884K [0x0000000080000000, 0x0000000100000000)
  region size 1024K, 18 young (18432K), 2 survivors (2048K)
 Metaspace       used 13518K, capacity 13775K, committed 13952K, reserved 1060864K
  class space    used 1452K, capacity 1567K, committed 1664K, reserved 1048576K
}
Event: 0.843 GC heap after
{Heap after GC invocations=4 (full 0):
 garbage-first heap   total 131072K, used 7233K [0x0000000080000000, 0x0000000100000000)
  region size 1024K, 3 young (3072K), 3 survivors (3072K)
 Metaspace       used 13518K, capacity 13775K, committed 13952K, reserved 1060864K
  class space    used 1452K, capacity 1567K, committed 1664K, reserved 1048576K
}
Event: 1.144 GC heap before
{Heap before GC invocations=4 (full 0):
 garbage-first heap   total 131072K, used 32833K [0x0000000080000000, 0x0000000100000000)
  region size 1024K, 28 young (28672K), 3 survivors (3072K)
 Metaspace       used 17876K, capacity 18338K, committed 18432K, reserved 1064960K
  class space    used 2024K, capacity 2253K, committed 2304K, reserved 1048576K
}
Event: 1.154 GC heap after
{Heap after GC invocations=5 (full 0):
 garbage-first heap   total 169984K, used 8263K [0x0000000080000000, 0x0000000100000000)
  region size 1024K, 3 young (3072K), 3 survivors (3072K)
 Metaspace       used 17876K, capacity 18338K, committed 18432K, reserved 1064960K
  class space    used 2024K, capacity 2253K, committed 2304K, reserved 1048576K
}
Event: 1.339 GC heap before
{Heap before GC invocations=5 (full 0):
 garbage-first heap   total 169984K, used 22599K [0x0000000080000000, 0x0000000100000000)
  region size 1024K, 18 young (18432K), 3 survivors (3072K)
 Metaspace       used 19994K, capacity 20495K, committed 20608K, reserved 1073152K
  class space    used 2332K, capacity 2575K, committed 2688K, reserved 1048576K
}
Event: 1.348 GC heap after
{Heap after GC invocations=6 (full 0):
 garbage-first heap   total 169984K, used 8758K [0x0000000080000000, 0x0000000100000000)
  region size 1024K, 3 young (3072K), 3 survivors (3072K)
 Metaspace       used 19994K, capacity 20495K, committed 20608K, reserved 1073152K
  class space    used 2332K, capacity 2575K, committed 2688K, reserved 1048576K
}

